<?xml version="1.0" encoding="UTF-8"?>
<testng-results ignored="0" total="1" passed="1" failed="0" skipped="0">
  <reporter-output>
  </reporter-output>
  <suite started-at="2024-07-01T09:46:48 IST" name="Default suite" finished-at="2024-07-01T09:46:49 IST" duration-ms="905">
    <groups>
    </groups>
    <test started-at="2024-07-01T09:46:48 IST" name="Default test" finished-at="2024-07-01T09:46:49 IST" duration-ms="905">
      <class name="restprogram.TestResponse">
        <test-method signature="GetBookDetails()[pri:0, instance:restprogram.TestResponse@25bfcafd]" started-at="2024-07-01T09:46:48 IST" name="GetBookDetails" finished-at="2024-07-01T09:46:49 IST" duration-ms="883" status="PASS">
          <reporter-output>
          </reporter-output>
        </test-method> <!-- GetBookDetails -->
      </class> <!-- restprogram.TestResponse -->
    </test> <!-- Default test -->
  </suite> <!-- Default suite -->
</testng-results>
